<?xml version="1.0" encoding="UTF-8"?>
<!-- Generated by org.testng.reporters.JUnitXMLReporter -->
<testsuite hostname="chaitanya" ignored="1" name="Default test" tests="1" failures="0" timestamp="17 Jun 2019 03:01:39 GMT" time="499.387" errors="0">
  <testcase name="Test" time="499.307" classname="MainTestcase.Saplingtest_spreadsheet"/>
  <testcase name="Test2" time="0.0" classname="MainTestcase.Saplingtest_spreadsheet">
    <ignored/>
  </testcase> <!-- Test2 -->
</testsuite> <!-- Default test -->
