<?xml version="1.0" encoding="UTF-8"?>
<testng-results skipped="0" failed="0" ignored="0" total="1" passed="1">
  <reporter-output>
    <line>
      <![CDATA[URL is = https://buzz.shr-eng.com/]]>
    </line>
    <line>
      <![CDATA[Email and password is = nick@buzz.com  admin123!]]>
    </line>
    <line>
      <![CDATA[Email and password is = sarah@buzz.com  admin123!]]>
    </line>
    <line>
      <![CDATA[Email and password is = pparker@rocketship.com  ppbuzz123!]]>
    </line>
  </reporter-output>
  <suite name="Default suite" duration-ms="146296" started-at="2019-06-18T06:18:23Z" finished-at="2019-06-18T06:20:49Z">
    <groups>
    </groups>
    <test name="Default test" duration-ms="146296" started-at="2019-06-18T06:18:23Z" finished-at="2019-06-18T06:20:49Z">
      <class name="MainTestcase.Saplingtest_spreadsheet">
        <test-method status="PASS" signature="Test()[pri:0, instance:MainTestcase.Saplingtest_spreadsheet@4566e5bd]" name="Test" duration-ms="146223" started-at="2019-06-18T06:18:23Z" description="ExcelRead" finished-at="2019-06-18T06:20:49Z">
          <reporter-output>
            <line>
              <![CDATA[URL is = https://buzz.shr-eng.com/]]>
            </line>
            <line>
              <![CDATA[Email and password is = nick@buzz.com  admin123!]]>
            </line>
            <line>
              <![CDATA[Email and password is = sarah@buzz.com  admin123!]]>
            </line>
            <line>
              <![CDATA[Email and password is = pparker@rocketship.com  ppbuzz123!]]>
            </line>
          </reporter-output>
        </test-method> <!-- Test -->
      </class> <!-- MainTestcase.Saplingtest_spreadsheet -->
    </test> <!-- Default test -->
  </suite> <!-- Default suite -->
</testng-results>
